# JRE version: OpenJDK Runtime Environment Microsoft-7208460 (11.0.18+10) (build 11.0.18+10-LTS)
# Java VM: OpenJDK 64-Bit Server VM Microsoft-7208460 (11.0.18+10-LTS, mixed mode, tiered, compressed oops, g1 gc, windows-amd64)
Heap:
 garbage-first heap   total 262144K, used 73601K [0x0000000080000000, 0x0000000100000000)
  region size 1024K, 27 young (27648K), 16 survivors (16384K)
 Metaspace       used 80254K, capacity 82595K, committed 82716K, reserved 587776K
  class space    used 10379K, capacity 11373K, committed 11468K, reserved 516096K
GC Heap History (20 events):
Event: 11.763 GC heap before
{Heap before GC invocations=1 (full 0):
 garbage-first heap   total 262144K, used 68318K [0x0000000080000000, 0x0000000100000000)
  region size 1024K, 60 young (61440K), 2 survivors (2048K)
 Metaspace       used 11766K, capacity 12137K, committed 12416K, reserved 528384K
  class space    used 1256K, capacity 1348K, committed 1408K, reserved 516096K
}
Event: 11.789 GC heap after
{Heap after GC invocations=2 (full 0):
 garbage-first heap   total 262144K, used 15397K [0x0000000080000000, 0x0000000100000000)
  region size 1024K, 8 young (8192K), 8 survivors (8192K)
 Metaspace       used 11766K, capacity 12137K, committed 12416K, reserved 528384K
  class space    used 1256K, capacity 1348K, committed 1408K, reserved 516096K
}
Event: 14.951 GC heap before
{Heap before GC invocations=2 (full 0):
 garbage-first heap   total 262144K, used 34853K [0x0000000080000000, 0x0000000100000000)
  region size 1024K, 27 young (27648K), 8 survivors (8192K)
 Metaspace       used 17641K, capacity 18069K, committed 18432K, reserved 532480K
  class space    used 2030K, capacity 2178K, committed 2304K, reserved 516096K
}
Event: 14.957 GC heap after
{Heap after GC invocations=3 (full 0):
 garbage-first heap   total 262144K, used 17368K [0x0000000080000000, 0x0000000100000000)
  region size 1024K, 2 young (2048K), 2 survivors (2048K)
 Metaspace       used 17641K, capacity 18069K, committed 18432K, reserved 532480K
  class space    used 2030K, capacity 2178K, committed 2304K, reserved 516096K
}
Event: 17.732 GC heap before
{Heap before GC invocations=3 (full 0):
 garbage-first heap   total 262144K, used 39896K [0x0000000080000000, 0x0000000100000000)
  region size 1024K, 25 young (25600K), 2 survivors (2048K)
 Metaspace       used 20707K, capacity 21156K, committed 21296K, reserved 536576K
  class space    used 2475K, capacity 2620K, committed 2688K, reserved 516096K
}
Event: 17.751 GC heap after
{Heap after GC invocations=4 (full 0):
 garbage-first heap   total 262144K, used 18053K [0x0000000080000000, 0x0000000100000000)
  region size 1024K, 3 young (3072K), 3 survivors (3072K)
 Metaspace       used 20707K, capacity 21156K, committed 21296K, reserved 536576K
  class space    used 2475K, capacity 2620K, committed 2688K, reserved 516096K
}
Event: 22.896 GC heap before
{Heap before GC invocations=5 (full 0):
 garbage-first heap   total 262144K, used 63109K [0x0000000080000000, 0x0000000100000000)
  region size 1024K, 48 young (49152K), 3 survivors (3072K)
 Metaspace       used 24682K, capacity 25289K, committed 25520K, reserved 538624K
  class space    used 3114K, capacity 3318K, committed 3328K, reserved 516096K
}
Event: 22.900 GC heap after
{Heap after GC invocations=6 (full 0):
 garbage-first heap   total 262144K, used 19599K [0x0000000080000000, 0x0000000100000000)
  region size 1024K, 5 young (5120K), 5 survivors (5120K)
 Metaspace       used 24682K, capacity 25289K, committed 25520K, reserved 538624K
  class space    used 3114K, capacity 3318K, committed 3328K, reserved 516096K
}
Event: 26.990 GC heap before
{Heap before GC invocations=6 (full 0):
 garbage-first heap   total 262144K, used 83087K [0x0000000080000000, 0x0000000100000000)
  region size 1024K, 67 young (68608K), 5 survivors (5120K)
 Metaspace       used 30753K, capacity 31543K, committed 31792K, reserved 544768K
  class space    used 4059K, capacity 4365K, committed 4480K, reserved 516096K
}
Event: 26.996 GC heap after
{Heap after GC invocations=7 (full 0):
 garbage-first heap   total 262144K, used 21708K [0x0000000080000000, 0x0000000100000000)
  region size 1024K, 7 young (7168K), 7 survivors (7168K)
 Metaspace       used 30753K, capacity 31543K, committed 31792K, reserved 544768K
  class space    used 4059K, capacity 4365K, committed 4480K, reserved 516096K
}
Event: 29.257 GC heap before
{Heap before GC invocations=7 (full 0):
 garbage-first heap   total 262144K, used 41164K [0x0000000080000000, 0x0000000100000000)
  region size 1024K, 27 young (27648K), 7 survivors (7168K)
 Metaspace       used 35040K, capacity 35847K, committed 35920K, reserved 548864K
  class space    used 4494K, capacity 4846K, committed 4864K, reserved 516096K
}
Event: 29.266 GC heap after
{Heap after GC invocations=8 (full 0):
 garbage-first heap   total 262144K, used 23576K [0x0000000080000000, 0x0000000100000000)
  region size 1024K, 8 young (8192K), 8 survivors (8192K)
 Metaspace       used 35040K, capacity 35847K, committed 35920K, reserved 548864K
  class space    used 4494K, capacity 4846K, committed 4864K, reserved 516096K
}
Event: 41.065 GC heap before
{Heap before GC invocations=9 (full 0):
 garbage-first heap   total 262144K, used 175128K [0x0000000080000000, 0x0000000100000000)
  region size 1024K, 153 young (156672K), 8 survivors (8192K)
 Metaspace       used 47200K, capacity 48471K, committed 48668K, reserved 559104K
  class space    used 6029K, capacity 6565K, committed 6604K, reserved 516096K
}
Event: 41.080 GC heap after
{Heap after GC invocations=10 (full 0):
 garbage-first heap   total 262144K, used 33263K [0x0000000080000000, 0x0000000100000000)
  region size 1024K, 18 young (18432K), 18 survivors (18432K)
 Metaspace       used 47200K, capacity 48471K, committed 48668K, reserved 559104K
  class space    used 6029K, capacity 6565K, committed 6604K, reserved 516096K
}
Event: 62.542 GC heap before
{Heap before GC invocations=10 (full 0):
 garbage-first heap   total 262144K, used 146927K [0x0000000080000000, 0x0000000100000000)
  region size 1024K, 124 young (126976K), 18 survivors (18432K)
 Metaspace       used 58605K, capacity 60182K, committed 60316K, reserved 569344K
  class space    used 7494K, capacity 8137K, committed 8268K, reserved 516096K
}
Event: 62.562 GC heap after
{Heap after GC invocations=11 (full 0):
 garbage-first heap   total 262144K, used 45544K [0x0000000080000000, 0x0000000100000000)
  region size 1024K, 16 young (16384K), 16 survivors (16384K)
 Metaspace       used 58605K, capacity 60182K, committed 60316K, reserved 569344K
  class space    used 7494K, capacity 8137K, committed 8268K, reserved 516096K
}
Event: 71.520 GC heap before
{Heap before GC invocations=12 (full 0):
 garbage-first heap   total 262144K, used 185832K [0x0000000080000000, 0x0000000100000000)
  region size 1024K, 153 young (156672K), 16 survivors (16384K)
 Metaspace       used 70735K, capacity 72554K, committed 72732K, reserved 579584K
  class space    used 9124K, capacity 9890K, committed 9932K, reserved 516096K
}
Event: 71.536 GC heap after
{Heap after GC invocations=13 (full 0):
 garbage-first heap   total 262144K, used 51467K [0x0000000080000000, 0x0000000100000000)
  region size 1024K, 13 young (13312K), 13 survivors (13312K)
 Metaspace       used 70735K, capacity 72554K, committed 72732K, reserved 579584K
  class space    used 9124K, capacity 9890K, committed 9932K, reserved 516096K
}
Event: 85.939 GC heap before
{Heap before GC invocations=13 (full 0):
 garbage-first heap   total 262144K, used 194827K [0x0000000080000000, 0x0000000100000000)
  region size 1024K, 153 young (156672K), 13 survivors (13312K)
 Metaspace       used 79291K, capacity 81619K, committed 81820K, reserved 587776K
  class space    used 10267K, capacity 11237K, committed 11340K, reserved 516096K
}
Event: 85.957 GC heap after
{Heap after GC invocations=14 (full 0):
 garbage-first heap   total 262144K, used 62337K [0x0000000080000000, 0x0000000100000000)
  region size 1024K, 16 young (16384K), 16 survivors (16384K)
 Metaspace       used 79291K, capacity 81619K, committed 81820K, reserved 587776K
  class space    used 10267K, capacity 11237K, committed 11340K, reserved 516096K
}

